{"/Users/pedromagalhaesgmail.com/Projects/Labs/interview-test-nodejs/src/server.js": {"path":"/Users/pedromagalhaesgmail.com/Projects/Labs/interview-test-nodejs/src/server.js","statementMap":{"0":{"start":{"line":1,"column":16},"end":{"line":1,"column":34}},"1":{"start":{"line":2,"column":17},"end":{"line":2,"column":36}},"2":{"start":{"line":3,"column":12},"end":{"line":3,"column":21}},"3":{"start":{"line":5,"column":19},"end":{"line":5,"column":51}},"4":{"start":{"line":6,"column":22},"end":{"line":6,"column":53}},"5":{"start":{"line":8,"column":16},"end":{"line":17,"column":1}},"6":{"start":{"line":9,"column":4},"end":{"line":16,"column":5}},"7":{"start":{"line":10,"column":8},"end":{"line":12,"column":10}},"8":{"start":{"line":14,"column":8},"end":{"line":14,"column":27}},"9":{"start":{"line":15,"column":8},"end":{"line":15,"column":19}},"10":{"start":{"line":19,"column":0},"end":{"line":19,"column":24}},"11":{"start":{"line":22,"column":0},"end":{"line":25,"column":3}},"12":{"start":{"line":23,"column":4},"end":{"line":23,"column":29}},"13":{"start":{"line":24,"column":4},"end":{"line":24,"column":50}},"14":{"start":{"line":27,"column":0},"end":{"line":30,"column":3}},"15":{"start":{"line":28,"column":4},"end":{"line":28,"column":29}},"16":{"start":{"line":29,"column":4},"end":{"line":29,"column":50}},"17":{"start":{"line":33,"column":0},"end":{"line":33,"column":37}},"18":{"start":{"line":34,"column":0},"end":{"line":34,"column":39}},"19":{"start":{"line":36,"column":0},"end":{"line":44,"column":7}},"20":{"start":{"line":38,"column":8},"end":{"line":40,"column":10}},"21":{"start":{"line":39,"column":12},"end":{"line":39,"column":52}},"22":{"start":{"line":43,"column":8},"end":{"line":43,"column":27}}},"fnMap":{"0":{"name":"(anonymous_0)","decl":{"start":{"line":8,"column":16},"end":{"line":8,"column":17}},"loc":{"start":{"line":8,"column":28},"end":{"line":17,"column":1}},"line":8},"1":{"name":"(anonymous_1)","decl":{"start":{"line":22,"column":8},"end":{"line":22,"column":9}},"loc":{"start":{"line":22,"column":39},"end":{"line":25,"column":1}},"line":22},"2":{"name":"(anonymous_2)","decl":{"start":{"line":27,"column":18},"end":{"line":27,"column":19}},"loc":{"start":{"line":27,"column":49},"end":{"line":30,"column":1}},"line":27},"3":{"name":"(anonymous_3)","decl":{"start":{"line":37,"column":10},"end":{"line":37,"column":11}},"loc":{"start":{"line":37,"column":16},"end":{"line":41,"column":5}},"line":37},"4":{"name":"(anonymous_4)","decl":{"start":{"line":38,"column":25},"end":{"line":38,"column":26}},"loc":{"start":{"line":38,"column":31},"end":{"line":40,"column":9}},"line":38},"5":{"name":"(anonymous_5)","decl":{"start":{"line":42,"column":11},"end":{"line":42,"column":12}},"loc":{"start":{"line":42,"column":20},"end":{"line":44,"column":5}},"line":42}},"branchMap":{},"s":{"0":1,"1":1,"2":1,"3":1,"4":1,"5":1,"6":1,"7":1,"8":0,"9":0,"10":1,"11":1,"12":0,"13":0,"14":1,"15":0,"16":0,"17":1,"18":1,"19":1,"20":0,"21":0,"22":0},"f":{"0":1,"1":0,"2":0,"3":0,"4":0,"5":0},"b":{},"_coverageSchema":"1a1c01bbd47fc00a2c39e90264f33305004495a9","hash":"3c9cc89bf202c2553578b07a3626b4b91a9bdd47"}
,"/Users/pedromagalhaesgmail.com/Projects/Labs/interview-test-nodejs/src/models/Post.js": {"path":"/Users/pedromagalhaesgmail.com/Projects/Labs/interview-test-nodejs/src/models/Post.js","statementMap":{"0":{"start":{"line":1,"column":17},"end":{"line":1,"column":36}},"1":{"start":{"line":3,"column":19},"end":{"line":23,"column":2}},"2":{"start":{"line":25,"column":13},"end":{"line":25,"column":47}},"3":{"start":{"line":27,"column":0},"end":{"line":27,"column":22}}},"fnMap":{},"branchMap":{},"s":{"0":1,"1":1,"2":1,"3":1},"f":{},"b":{},"_coverageSchema":"1a1c01bbd47fc00a2c39e90264f33305004495a9","hash":"5bd8447d421d3bf34a7d6f520470f28ced69cb9d"}
,"/Users/pedromagalhaesgmail.com/Projects/Labs/interview-test-nodejs/src/models/User.js": {"path":"/Users/pedromagalhaesgmail.com/Projects/Labs/interview-test-nodejs/src/models/User.js","statementMap":{"0":{"start":{"line":1,"column":17},"end":{"line":1,"column":36}},"1":{"start":{"line":3,"column":19},"end":{"line":19,"column":2}},"2":{"start":{"line":21,"column":13},"end":{"line":21,"column":47}},"3":{"start":{"line":23,"column":0},"end":{"line":23,"column":22}}},"fnMap":{},"branchMap":{},"s":{"0":1,"1":1,"2":1,"3":1},"f":{},"b":{},"_coverageSchema":"1a1c01bbd47fc00a2c39e90264f33305004495a9","hash":"d57838e83dcdc060dcb9805dc6f932ca02ddd995"}
,"/Users/pedromagalhaesgmail.com/Projects/Labs/interview-test-nodejs/src/routes/api/homepage.js": {"path":"/Users/pedromagalhaesgmail.com/Projects/Labs/interview-test-nodejs/src/routes/api/homepage.js","statementMap":{"0":{"start":{"line":1,"column":16},"end":{"line":1,"column":34}},"1":{"start":{"line":2,"column":15},"end":{"line":2,"column":31}},"2":{"start":{"line":3,"column":13},"end":{"line":3,"column":41}},"3":{"start":{"line":5,"column":0},"end":{"line":12,"column":3}},"4":{"start":{"line":6,"column":4},"end":{"line":11,"column":5}},"5":{"start":{"line":7,"column":8},"end":{"line":7,"column":47}},"6":{"start":{"line":9,"column":8},"end":{"line":9,"column":27}},"7":{"start":{"line":10,"column":8},"end":{"line":10,"column":82}},"8":{"start":{"line":14,"column":0},"end":{"line":47,"column":3}},"9":{"start":{"line":16,"column":45},"end":{"line":16,"column":54}},"10":{"start":{"line":19,"column":16},"end":{"line":19,"column":37}},"11":{"start":{"line":22,"column":4},"end":{"line":24,"column":5}},"12":{"start":{"line":23,"column":8},"end":{"line":23,"column":50}},"13":{"start":{"line":27,"column":4},"end":{"line":29,"column":5}},"14":{"start":{"line":28,"column":8},"end":{"line":28,"column":51}},"15":{"start":{"line":32,"column":4},"end":{"line":34,"column":5}},"16":{"start":{"line":33,"column":8},"end":{"line":33,"column":49}},"17":{"start":{"line":37,"column":4},"end":{"line":46,"column":7}},"18":{"start":{"line":38,"column":8},"end":{"line":45,"column":9}},"19":{"start":{"line":40,"column":12},"end":{"line":40,"column":31}},"20":{"start":{"line":41,"column":12},"end":{"line":41,"column":72}},"21":{"start":{"line":44,"column":12},"end":{"line":44,"column":40}},"22":{"start":{"line":50,"column":0},"end":{"line":76,"column":3}},"23":{"start":{"line":51,"column":4},"end":{"line":51,"column":26}},"24":{"start":{"line":53,"column":18},"end":{"line":53,"column":28}},"25":{"start":{"line":54,"column":25},"end":{"line":54,"column":89}},"26":{"start":{"line":55,"column":26},"end":{"line":55,"column":106}},"27":{"start":{"line":57,"column":4},"end":{"line":59,"column":5}},"28":{"start":{"line":58,"column":8},"end":{"line":58,"column":89}},"29":{"start":{"line":62,"column":17},"end":{"line":66,"column":6}},"30":{"start":{"line":69,"column":4},"end":{"line":75,"column":5}},"31":{"start":{"line":70,"column":26},"end":{"line":70,"column":43}},"32":{"start":{"line":71,"column":8},"end":{"line":71,"column":47}},"33":{"start":{"line":73,"column":8},"end":{"line":73,"column":27}},"34":{"start":{"line":74,"column":8},"end":{"line":74,"column":79}},"35":{"start":{"line":78,"column":0},"end":{"line":78,"column":24}}},"fnMap":{"0":{"name":"(anonymous_0)","decl":{"start":{"line":5,"column":20},"end":{"line":5,"column":21}},"loc":{"start":{"line":5,"column":34},"end":{"line":12,"column":1}},"line":5},"1":{"name":"(anonymous_1)","decl":{"start":{"line":14,"column":24},"end":{"line":14,"column":25}},"loc":{"start":{"line":14,"column":44},"end":{"line":47,"column":1}},"line":14},"2":{"name":"(anonymous_2)","decl":{"start":{"line":37,"column":15},"end":{"line":37,"column":16}},"loc":{"start":{"line":37,"column":31},"end":{"line":46,"column":5}},"line":37},"3":{"name":"(anonymous_3)","decl":{"start":{"line":50,"column":27},"end":{"line":50,"column":28}},"loc":{"start":{"line":50,"column":47},"end":{"line":76,"column":1}},"line":50}},"branchMap":{"0":{"loc":{"start":{"line":22,"column":4},"end":{"line":24,"column":5}},"type":"if","locations":[{"start":{"line":22,"column":4},"end":{"line":24,"column":5}},{"start":{},"end":{}}],"line":22},"1":{"loc":{"start":{"line":22,"column":8},"end":{"line":22,"column":28}},"type":"binary-expr","locations":[{"start":{"line":22,"column":8},"end":{"line":22,"column":16}},{"start":{"line":22,"column":20},"end":{"line":22,"column":28}}],"line":22},"2":{"loc":{"start":{"line":27,"column":4},"end":{"line":29,"column":5}},"type":"if","locations":[{"start":{"line":27,"column":4},"end":{"line":29,"column":5}},{"start":{},"end":{}}],"line":27},"3":{"loc":{"start":{"line":32,"column":4},"end":{"line":34,"column":5}},"type":"if","locations":[{"start":{"line":32,"column":4},"end":{"line":34,"column":5}},{"start":{},"end":{}}],"line":32},"4":{"loc":{"start":{"line":38,"column":8},"end":{"line":45,"column":9}},"type":"if","locations":[{"start":{"line":38,"column":8},"end":{"line":45,"column":9}},{"start":{"line":42,"column":15},"end":{"line":45,"column":9}}],"line":38},"5":{"loc":{"start":{"line":57,"column":4},"end":{"line":59,"column":5}},"type":"if","locations":[{"start":{"line":57,"column":4},"end":{"line":59,"column":5}},{"start":{},"end":{}}],"line":57}},"s":{"0":1,"1":1,"2":1,"3":1,"4":0,"5":0,"6":0,"7":0,"8":1,"9":0,"10":0,"11":0,"12":0,"13":0,"14":0,"15":0,"16":0,"17":0,"18":0,"19":0,"20":0,"21":0,"22":1,"23":0,"24":0,"25":0,"26":0,"27":0,"28":0,"29":0,"30":0,"31":0,"32":0,"33":0,"34":0,"35":1},"f":{"0":0,"1":0,"2":0,"3":0},"b":{"0":[0,0],"1":[0,0],"2":[0,0],"3":[0,0],"4":[0,0],"5":[0,0]},"_coverageSchema":"1a1c01bbd47fc00a2c39e90264f33305004495a9","hash":"76dde7947498e97a62378a1538fe82926017000b"}
,"/Users/pedromagalhaesgmail.com/Projects/Labs/interview-test-nodejs/src/routes/api/profile.js": {"path":"/Users/pedromagalhaesgmail.com/Projects/Labs/interview-test-nodejs/src/routes/api/profile.js","statementMap":{"0":{"start":{"line":1,"column":16},"end":{"line":1,"column":34}},"1":{"start":{"line":2,"column":15},"end":{"line":2,"column":31}},"2":{"start":{"line":3,"column":13},"end":{"line":3,"column":41}},"3":{"start":{"line":4,"column":13},"end":{"line":4,"column":41}},"4":{"start":{"line":7,"column":0},"end":{"line":34,"column":3}},"5":{"start":{"line":9,"column":19},"end":{"line":9,"column":37}},"6":{"start":{"line":10,"column":2},"end":{"line":10,"column":86}},"7":{"start":{"line":10,"column":17},"end":{"line":10,"column":86}},"8":{"start":{"line":12,"column":2},"end":{"line":33,"column":5}},"9":{"start":{"line":13,"column":4},"end":{"line":13,"column":46}},"10":{"start":{"line":13,"column":13},"end":{"line":13,"column":46}},"11":{"start":{"line":14,"column":4},"end":{"line":14,"column":61}},"12":{"start":{"line":14,"column":15},"end":{"line":14,"column":61}},"13":{"start":{"line":17,"column":4},"end":{"line":32,"column":9}},"14":{"start":{"line":21,"column":8},"end":{"line":21,"column":50}},"15":{"start":{"line":21,"column":17},"end":{"line":21,"column":50}},"16":{"start":{"line":24,"column":8},"end":{"line":31,"column":11}},"17":{"start":{"line":37,"column":0},"end":{"line":58,"column":3}},"18":{"start":{"line":39,"column":19},"end":{"line":39,"column":36}},"19":{"start":{"line":40,"column":2},"end":{"line":40,"column":119}},"20":{"start":{"line":40,"column":59},"end":{"line":40,"column":119}},"21":{"start":{"line":41,"column":2},"end":{"line":57,"column":5}},"22":{"start":{"line":42,"column":4},"end":{"line":42,"column":46}},"23":{"start":{"line":42,"column":13},"end":{"line":42,"column":46}},"24":{"start":{"line":43,"column":4},"end":{"line":43,"column":71}},"25":{"start":{"line":43,"column":14},"end":{"line":43,"column":71}},"26":{"start":{"line":46,"column":20},"end":{"line":50,"column":6}},"27":{"start":{"line":53,"column":4},"end":{"line":56,"column":7}},"28":{"start":{"line":54,"column":6},"end":{"line":54,"column":48}},"29":{"start":{"line":54,"column":15},"end":{"line":54,"column":48}},"30":{"start":{"line":55,"column":6},"end":{"line":55,"column":49}},"31":{"start":{"line":60,"column":0},"end":{"line":60,"column":24}}},"fnMap":{"0":{"name":"(anonymous_0)","decl":{"start":{"line":7,"column":24},"end":{"line":7,"column":25}},"loc":{"start":{"line":7,"column":38},"end":{"line":34,"column":1}},"line":7},"1":{"name":"(anonymous_1)","decl":{"start":{"line":12,"column":49},"end":{"line":12,"column":50}},"loc":{"start":{"line":12,"column":64},"end":{"line":33,"column":3}},"line":12},"2":{"name":"(anonymous_2)","decl":{"start":{"line":20,"column":12},"end":{"line":20,"column":13}},"loc":{"start":{"line":20,"column":28},"end":{"line":32,"column":7}},"line":20},"3":{"name":"(anonymous_3)","decl":{"start":{"line":37,"column":24},"end":{"line":37,"column":25}},"loc":{"start":{"line":37,"column":38},"end":{"line":58,"column":1}},"line":37},"4":{"name":"(anonymous_4)","decl":{"start":{"line":41,"column":39},"end":{"line":41,"column":40}},"loc":{"start":{"line":41,"column":54},"end":{"line":57,"column":3}},"line":41},"5":{"name":"(anonymous_5)","decl":{"start":{"line":53,"column":17},"end":{"line":53,"column":18}},"loc":{"start":{"line":53,"column":26},"end":{"line":56,"column":5}},"line":53}},"branchMap":{"0":{"loc":{"start":{"line":10,"column":2},"end":{"line":10,"column":86}},"type":"if","locations":[{"start":{"line":10,"column":2},"end":{"line":10,"column":86}},{"start":{},"end":{}}],"line":10},"1":{"loc":{"start":{"line":13,"column":4},"end":{"line":13,"column":46}},"type":"if","locations":[{"start":{"line":13,"column":4},"end":{"line":13,"column":46}},{"start":{},"end":{}}],"line":13},"2":{"loc":{"start":{"line":14,"column":4},"end":{"line":14,"column":61}},"type":"if","locations":[{"start":{"line":14,"column":4},"end":{"line":14,"column":61}},{"start":{},"end":{}}],"line":14},"3":{"loc":{"start":{"line":21,"column":8},"end":{"line":21,"column":50}},"type":"if","locations":[{"start":{"line":21,"column":8},"end":{"line":21,"column":50}},{"start":{},"end":{}}],"line":21},"4":{"loc":{"start":{"line":40,"column":2},"end":{"line":40,"column":119}},"type":"if","locations":[{"start":{"line":40,"column":2},"end":{"line":40,"column":119}},{"start":{},"end":{}}],"line":40},"5":{"loc":{"start":{"line":40,"column":6},"end":{"line":40,"column":57}},"type":"binary-expr","locations":[{"start":{"line":40,"column":6},"end":{"line":40,"column":15}},{"start":{"line":40,"column":19},"end":{"line":40,"column":57}}],"line":40},"6":{"loc":{"start":{"line":42,"column":4},"end":{"line":42,"column":46}},"type":"if","locations":[{"start":{"line":42,"column":4},"end":{"line":42,"column":46}},{"start":{},"end":{}}],"line":42},"7":{"loc":{"start":{"line":43,"column":4},"end":{"line":43,"column":71}},"type":"if","locations":[{"start":{"line":43,"column":4},"end":{"line":43,"column":71}},{"start":{},"end":{}}],"line":43},"8":{"loc":{"start":{"line":54,"column":6},"end":{"line":54,"column":48}},"type":"if","locations":[{"start":{"line":54,"column":6},"end":{"line":54,"column":48}},{"start":{},"end":{}}],"line":54}},"s":{"0":1,"1":1,"2":1,"3":1,"4":1,"5":0,"6":0,"7":0,"8":0,"9":0,"10":0,"11":0,"12":0,"13":0,"14":0,"15":0,"16":0,"17":1,"18":0,"19":0,"20":0,"21":0,"22":0,"23":0,"24":0,"25":0,"26":0,"27":0,"28":0,"29":0,"30":0,"31":1},"f":{"0":0,"1":0,"2":0,"3":0,"4":0,"5":0},"b":{"0":[0,0],"1":[0,0],"2":[0,0],"3":[0,0],"4":[0,0],"5":[0,0],"6":[0,0],"7":[0,0],"8":[0,0]},"_coverageSchema":"1a1c01bbd47fc00a2c39e90264f33305004495a9","hash":"3b50ad87d505eb9c50a60f2ceff488e76974cde4"}
}
